The target system is: Android - 1 - armv7-a
The host system is: Darwin - 18.2.0 - x86_64
Determining if the C compiler works passed with the following output:
Change Dir: /Users/sever1/workplace/NdkMediaCodec/app/.cxx/cmake/release/armeabi-v7a/CMakeFiles/CMakeTmp

Run Build Command:"/Users/sever1/Library/Developer/Xamarin/android-sdk-macosx/cmake/3.10.2.4988404/bin/ninja" "cmTC_74356"
[1/2] Building C object CMakeFiles/cmTC_74356.dir/testCCompiler.c.o
[2/2] Linking C executable cmTC_74356


Detecting C compiler ABI info compiled with the following output:
Change Dir: /Users/sever1/workplace/NdkMediaCodec/app/.cxx/cmake/release/armeabi-v7a/CMakeFiles/CMakeTmp

Run Build Command:"/Users/sever1/Library/Developer/Xamarin/android-sdk-macosx/cmake/3.10.2.4988404/bin/ninja" "cmTC_15c14"
[1/2] Building C object CMakeFiles/cmTC_15c14.dir/CMakeCCompilerABI.c.o
[2/2] Linking C executable cmTC_15c14
Android (6454773 based on r365631c2) clang version 9.0.8 (https://android.googlesource.com/toolchain/llvm-project 98c855489587874b2a325e7a516b99d838599c6f) (based on LLVM 9.0.8svn)
Target: armv7-none-linux-android26
Thread model: posix
InstalledDir: /Users/sever1/Library/Developer/Xamarin/android-sdk-macosx/ndk-bundle/toolchains/llvm/prebuilt/darwin-x86_64/bin
Found candidate GCC installation: /Users/sever1/Library/Developer/Xamarin/android-sdk-macosx/ndk-bundle/toolchains/llvm/prebuilt/darwin-x86_64/lib/gcc/arm-linux-androideabi/4.9.x
Selected GCC installation: /Users/sever1/Library/Developer/Xamarin/android-sdk-macosx/ndk-bundle/toolchains/llvm/prebuilt/darwin-x86_64/lib/gcc/arm-linux-androideabi/4.9.x
Candidate multilib: thumb;@mthumb
Candidate multilib: armv7-a;@march=armv7-a
Candidate multilib: armv7-a/thumb;@march=armv7-a@mthumb
Candidate multilib: .;
Selected multilib: armv7-a/thumb;@march=armv7-a@mthumb
 "/Users/sever1/Library/Developer/Xamarin/android-sdk-macosx/ndk-bundle/toolchains/llvm/prebuilt/darwin-x86_64/lib/gcc/arm-linux-androideabi/4.9.x/../../../../arm-linux-androideabi/bin/ld" --sysroot=/Users/sever1/Library/Developer/Xamarin/android-sdk-macosx/ndk-bundle/toolchains/llvm/prebuilt/darwin-x86_64/sysroot -pie -z noexecstack -EL --warn-shared-textrel -z now -z relro -X --hash-style=gnu --enable-new-dtags --eh-frame-hdr -m armelf_linux_eabi -dynamic-linker /system/bin/linker -o cmTC_15c14 /Users/sever1/Library/Developer/Xamarin/android-sdk-macosx/ndk-bundle/toolchains/llvm/prebuilt/darwin-x86_64/sysroot/usr/lib/arm-linux-androideabi/26/crtbegin_dynamic.o -L/Users/sever1/Library/Developer/Xamarin/android-sdk-macosx/ndk-bundle/toolchains/llvm/prebuilt/darwin-x86_64/lib64/clang/9.0.8/lib/linux/arm -L/Users/sever1/Library/Developer/Xamarin/android-sdk-macosx/ndk-bundle/toolchains/llvm/prebuilt/darwin-x86_64/lib/gcc/arm-linux-androideabi/4.9.x/armv7-a/thumb -L/Users/sever1/Library/Developer/Xamarin/android-sdk-macosx/ndk-bundle/toolchains/llvm/prebuilt/darwin-x86_64/lib/gcc/arm-linux-androideabi/4.9.x/../../../../arm-linux-androideabi/lib/../lib/armv7-a/thumb -L/Users/sever1/Library/Developer/Xamarin/android-sdk-macosx/ndk-bundle/toolchains/llvm/prebuilt/darwin-x86_64/sysroot/usr/lib/arm-linux-androideabi/26 -L/Users/sever1/Library/Developer/Xamarin/android-sdk-macosx/ndk-bundle/toolchains/llvm/prebuilt/darwin-x86_64/sysroot/usr/lib/arm-linux-androideabi -L/Users/sever1/Library/Developer/Xamarin/android-sdk-macosx/ndk-bundle/toolchains/llvm/prebuilt/darwin-x86_64/sysroot/usr/lib/../lib -L/Users/sever1/Library/Developer/Xamarin/android-sdk-macosx/ndk-bundle/toolchains/llvm/prebuilt/darwin-x86_64/sysroot/usr/lib/arm-linux-androideabi/../../lib -L/Users/sever1/Library/Developer/Xamarin/android-sdk-macosx/ndk-bundle/toolchains/llvm/prebuilt/darwin-x86_64/lib/gcc/arm-linux-androideabi/4.9.x/../../../../arm-linux-androideabi/lib/armv7-a/thumb -L/Users/sever1/Library/Developer/Xamarin/android-sdk-macosx/ndk-bundle/toolchains/llvm/prebuilt/darwin-x86_64/sysroot/usr/lib --exclude-libs libgcc.a --exclude-libs libgcc_real.a --exclude-libs libatomic.a --build-id --fatal-warnings --exclude-libs libunwind.a --no-undefined --gc-sections CMakeFiles/cmTC_15c14.dir/CMakeCCompilerABI.c.o -lgcc -ldl -lc -lgcc -ldl /Users/sever1/Library/Developer/Xamarin/android-sdk-macosx/ndk-bundle/toolchains/llvm/prebuilt/darwin-x86_64/sysroot/usr/lib/arm-linux-androideabi/26/crtend_android.o


Parsed C implicit link information from above output:
  link line regex: [^( *|.*[/\])(arm-linux-androideabi-ld|CMAKE_LINK_STARTFILE-NOTFOUND|([^/\]+-)?ld|collect2)[^/\]*( |$)]
  ignore line: [Change Dir: /Users/sever1/workplace/NdkMediaCodec/app/.cxx/cmake/release/armeabi-v7a/CMakeFiles/CMakeTmp]
  ignore line: []
  ignore line: [Run Build Command:"/Users/sever1/Library/Developer/Xamarin/android-sdk-macosx/cmake/3.10.2.4988404/bin/ninja" "cmTC_15c14"]
  ignore line: [[1/2] Building C object CMakeFiles/cmTC_15c14.dir/CMakeCCompilerABI.c.o]
  ignore line: [[2/2] Linking C executable cmTC_15c14]
  ignore line: [Android (6454773 based on r365631c2) clang version 9.0.8 (https://android.googlesource.com/toolchain/llvm-project 98c855489587874b2a325e7a516b99d838599c6f) (based on LLVM 9.0.8svn)]
  ignore line: [Target: armv7-none-linux-android26]
  ignore line: [Thread model: posix]
  ignore line: [InstalledDir: /Users/sever1/Library/Developer/Xamarin/android-sdk-macosx/ndk-bundle/toolchains/llvm/prebuilt/darwin-x86_64/bin]
  ignore line: [Found candidate GCC installation: /Users/sever1/Library/Developer/Xamarin/android-sdk-macosx/ndk-bundle/toolchains/llvm/prebuilt/darwin-x86_64/lib/gcc/arm-linux-androideabi/4.9.x]
  ignore line: [Selected GCC installation: /Users/sever1/Library/Developer/Xamarin/android-sdk-macosx/ndk-bundle/toolchains/llvm/prebuilt/darwin-x86_64/lib/gcc/arm-linux-androideabi/4.9.x]
  ignore line: [Candidate multilib: thumb]
  ignore line: [@mthumb]
  ignore line: [Candidate multilib: armv7-a]
  ignore line: [@march=armv7-a]
  ignore line: [Candidate multilib: armv7-a/thumb]
  ignore line: [@march=armv7-a@mthumb]
  ignore line: [Candidate multilib: .]
  ignore line: []
  ignore line: [Selected multilib: armv7-a/thumb]
  ignore line: [@march=armv7-a@mthumb]
  link line: [ "/Users/sever1/Library/Developer/Xamarin/android-sdk-macosx/ndk-bundle/toolchains/llvm/prebuilt/darwin-x86_64/lib/gcc/arm-linux-androideabi/4.9.x/../../../../arm-linux-androideabi/bin/ld" --sysroot=/Users/sever1/Library/Developer/Xamarin/android-sdk-macosx/ndk-bundle/toolchains/llvm/prebuilt/darwin-x86_64/sysroot -pie -z noexecstack -EL --warn-shared-textrel -z now -z relro -X --hash-style=gnu --enable-new-dtags --eh-frame-hdr -m armelf_linux_eabi -dynamic-linker /system/bin/linker -o cmTC_15c14 /Users/sever1/Library/Developer/Xamarin/android-sdk-macosx/ndk-bundle/toolchains/llvm/prebuilt/darwin-x86_64/sysroot/usr/lib/arm-linux-androideabi/26/crtbegin_dynamic.o -L/Users/sever1/Library/Developer/Xamarin/android-sdk-macosx/ndk-bundle/toolchains/llvm/prebuilt/darwin-x86_64/lib64/clang/9.0.8/lib/linux/arm -L/Users/sever1/Library/Developer/Xamarin/android-sdk-macosx/ndk-bundle/toolchains/llvm/prebuilt/darwin-x86_64/lib/gcc/arm-linux-androideabi/4.9.x/armv7-a/thumb -L/Users/sever1/Library/Developer/Xamarin/android-sdk-macosx/ndk-bundle/toolchains/llvm/prebuilt/darwin-x86_64/lib/gcc/arm-linux-androideabi/4.9.x/../../../../arm-linux-androideabi/lib/../lib/armv7-a/thumb -L/Users/sever1/Library/Developer/Xamarin/android-sdk-macosx/ndk-bundle/toolchains/llvm/prebuilt/darwin-x86_64/sysroot/usr/lib/arm-linux-androideabi/26 -L/Users/sever1/Library/Developer/Xamarin/android-sdk-macosx/ndk-bundle/toolchains/llvm/prebuilt/darwin-x86_64/sysroot/usr/lib/arm-linux-androideabi -L/Users/sever1/Library/Developer/Xamarin/android-sdk-macosx/ndk-bundle/toolchains/llvm/prebuilt/darwin-x86_64/sysroot/usr/lib/../lib -L/Users/sever1/Library/Developer/Xamarin/android-sdk-macosx/ndk-bundle/toolchains/llvm/prebuilt/darwin-x86_64/sysroot/usr/lib/arm-linux-androideabi/../../lib -L/Users/sever1/Library/Developer/Xamarin/android-sdk-macosx/ndk-bundle/toolchains/llvm/prebuilt/darwin-x86_64/lib/gcc/arm-linux-androideabi/4.9.x/../../../../arm-linux-androideabi/lib/armv7-a/thumb -L/Users/sever1/Library/Developer/Xamarin/android-sdk-macosx/ndk-bundle/toolchains/llvm/prebuilt/darwin-x86_64/sysroot/usr/lib --exclude-libs libgcc.a --exclude-libs libgcc_real.a --exclude-libs libatomic.a --build-id --fatal-warnings --exclude-libs libunwind.a --no-undefined --gc-sections CMakeFiles/cmTC_15c14.dir/CMakeCCompilerABI.c.o -lgcc -ldl -lc -lgcc -ldl /Users/sever1/Library/Developer/Xamarin/android-sdk-macosx/ndk-bundle/toolchains/llvm/prebuilt/darwin-x86_64/sysroot/usr/lib/arm-linux-androideabi/26/crtend_android.o]
    arg [/Users/sever1/Library/Developer/Xamarin/android-sdk-macosx/ndk-bundle/toolchains/llvm/prebuilt/darwin-x86_64/lib/gcc/arm-linux-androideabi/4.9.x/../../../../arm-linux-androideabi/bin/ld] ==> ignore
    arg [--sysroot=/Users/sever1/Library/Developer/Xamarin/android-sdk-macosx/ndk-bundle/toolchains/llvm/prebuilt/darwin-x86_64/sysroot] ==> ignore
    arg [-pie] ==> ignore
    arg [-znoexecstack] ==> ignore
    arg [-EL] ==> ignore
    arg [--warn-shared-textrel] ==> ignore
    arg [-znow] ==> ignore
    arg [-zrelro] ==> ignore
    arg [-X] ==> ignore
    arg [--hash-style=gnu] ==> ignore
    arg [--enable-new-dtags] ==> ignore
    arg [--eh-frame-hdr] ==> ignore
    arg [-m] ==> ignore
    arg [armelf_linux_eabi] ==> ignore
    arg [-dynamic-linker] ==> ignore
    arg [/system/bin/linker] ==> ignore
    arg [-o] ==> ignore
    arg [cmTC_15c14] ==> ignore
    arg [/Users/sever1/Library/Developer/Xamarin/android-sdk-macosx/ndk-bundle/toolchains/llvm/prebuilt/darwin-x86_64/sysroot/usr/lib/arm-linux-androideabi/26/crtbegin_dynamic.o] ==> ignore
    arg [-L/Users/sever1/Library/Developer/Xamarin/android-sdk-macosx/ndk-bundle/toolchains/llvm/prebuilt/darwin-x86_64/lib64/clang/9.0.8/lib/linux/arm] ==> dir [/Users/sever1/Library/Developer/Xamarin/android-sdk-macosx/ndk-bundle/toolchains/llvm/prebuilt/darwin-x86_64/lib64/clang/9.0.8/lib/linux/arm]
    arg [-L/Users/sever1/Library/Developer/Xamarin/android-sdk-macosx/ndk-bundle/toolchains/llvm/prebuilt/darwin-x86_64/lib/gcc/arm-linux-androideabi/4.9.x/armv7-a/thumb] ==> dir [/Users/sever1/Library/Developer/Xamarin/android-sdk-macosx/ndk-bundle/toolchains/llvm/prebuilt/darwin-x86_64/lib/gcc/arm-linux-androideabi/4.9.x/armv7-a/thumb]
    arg [-L/Users/sever1/Library/Developer/Xamarin/android-sdk-macosx/ndk-bundle/toolchains/llvm/prebuilt/darwin-x86_64/lib/gcc/arm-linux-androideabi/4.9.x/../../../../arm-linux-androideabi/lib/../lib/armv7-a/thumb] ==> dir [/Users/sever1/Library/Developer/Xamarin/android-sdk-macosx/ndk-bundle/toolchains/llvm/prebuilt/darwin-x86_64/lib/gcc/arm-linux-androideabi/4.9.x/../../../../arm-linux-androideabi/lib/../lib/armv7-a/thumb]
    arg [-L/Users/sever1/Library/Developer/Xamarin/android-sdk-macosx/ndk-bundle/toolchains/llvm/prebuilt/darwin-x86_64/sysroot/usr/lib/arm-linux-androideabi/26] ==> dir [/Users/sever1/Library/Developer/Xamarin/android-sdk-macosx/ndk-bundle/toolchains/llvm/prebuilt/darwin-x86_64/sysroot/usr/lib/arm-linux-androideabi/26]
    arg [-L/Users/sever1/Library/Developer/Xamarin/android-sdk-macosx/ndk-bundle/toolchains/llvm/prebuilt/darwin-x86_64/sysroot/usr/lib/arm-linux-androideabi] ==> dir [/Users/sever1/Library/Developer/Xamarin/android-sdk-macosx/ndk-bundle/toolchains/llvm/prebuilt/darwin-x86_64/sysroot/usr/lib/arm-linux-androideabi]
    arg [-L/Users/sever1/Library/Developer/Xamarin/android-sdk-macosx/ndk-bundle/toolchains/llvm/prebuilt/darwin-x86_64/sysroot/usr/lib/../lib] ==> dir [/Users/sever1/Library/Developer/Xamarin/android-sdk-macosx/ndk-bundle/toolchains/llvm/prebuilt/darwin-x86_64/sysroot/usr/lib/../lib]
    arg [-L/Users/sever1/Library/Developer/Xamarin/android-sdk-macosx/ndk-bundle/toolchains/llvm/prebuilt/darwin-x86_64/sysroot/usr/lib/arm-linux-androideabi/../../lib] ==> dir [/Users/sever1/Library/Developer/Xamarin/android-sdk-macosx/ndk-bundle/toolchains/llvm/prebuilt/darwin-x86_64/sysroot/usr/lib/arm-linux-androideabi/../../lib]
    arg [-L/Users/sever1/Library/Developer/Xamarin/android-sdk-macosx/ndk-bundle/toolchains/llvm/prebuilt/darwin-x86_64/lib/gcc/arm-linux-androideabi/4.9.x/../../../../arm-linux-androideabi/lib/armv7-a/thumb] ==> dir [/Users/sever1/Library/Developer/Xamarin/android-sdk-macosx/ndk-bundle/toolchains/llvm/prebuilt/darwin-x86_64/lib/gcc/arm-linux-androideabi/4.9.x/../../../../arm-linux-androideabi/lib/armv7-a/thumb]
    arg [-L/Users/sever1/Library/Developer/Xamarin/android-sdk-macosx/ndk-bundle/toolchains/llvm/prebuilt/darwin-x86_64/sysroot/usr/lib] ==> dir [/Users/sever1/Library/Developer/Xamarin/android-sdk-macosx/ndk-bundle/toolchains/llvm/prebuilt/darwin-x86_64/sysroot/usr/lib]
    arg [--exclude-libs] ==> ignore
    arg [libgcc.a] ==> ignore
    arg [--exclude-libs] ==> ignore
    arg [libgcc_real.a] ==> ignore
    arg [--exclude-libs] ==> ignore
    arg [libatomic.a] ==> ignore
    arg [--build-id] ==> ignore
    arg [--fatal-warnings] ==> ignore
    arg [--exclude-libs] ==> ignore
    arg [libunwind.a] ==> ignore
    arg [--no-undefined] ==> ignore
    arg [--gc-sections] ==> ignore
    arg [CMakeFiles/cmTC_15c14.dir/CMakeCCompilerABI.c.o] ==> ignore
    arg [-lgcc] ==> lib [gcc]
    arg [-ldl] ==> lib [dl]
    arg [-lc] ==> lib [c]
    arg [-lgcc] ==> lib [gcc]
    arg [-ldl] ==> lib [dl]
    arg [/Users/sever1/Library/Developer/Xamarin/android-sdk-macosx/ndk-bundle/toolchains/llvm/prebuilt/darwin-x86_64/sysroot/usr/lib/arm-linux-androideabi/26/crtend_android.o] ==> ignore
  collapse library dir [/Users/sever1/Library/Developer/Xamarin/android-sdk-macosx/ndk-bundle/toolchains/llvm/prebuilt/darwin-x86_64/lib64/clang/9.0.8/lib/linux/arm] ==> [/Users/sever1/Library/Developer/Xamarin/android-sdk-macosx/ndk-bundle/toolchains/llvm/prebuilt/darwin-x86_64/lib64/clang/9.0.8/lib/linux/arm]
  collapse library dir [/Users/sever1/Library/Developer/Xamarin/android-sdk-macosx/ndk-bundle/toolchains/llvm/prebuilt/darwin-x86_64/lib/gcc/arm-linux-androideabi/4.9.x/armv7-a/thumb] ==> [/Users/sever1/Library/Developer/Xamarin/android-sdk-macosx/ndk-bundle/toolchains/llvm/prebuilt/darwin-x86_64/lib/gcc/arm-linux-androideabi/4.9.x/armv7-a/thumb]
  collapse library dir [/Users/sever1/Library/Developer/Xamarin/android-sdk-macosx/ndk-bundle/toolchains/llvm/prebuilt/darwin-x86_64/lib/gcc/arm-linux-androideabi/4.9.x/../../../../arm-linux-androideabi/lib/../lib/armv7-a/thumb] ==> [/Users/sever1/Library/Developer/Xamarin/android-sdk-macosx/ndk-bundle/toolchains/llvm/prebuilt/darwin-x86_64/arm-linux-androideabi/lib/armv7-a/thumb]
  collapse library dir [/Users/sever1/Library/Developer/Xamarin/android-sdk-macosx/ndk-bundle/toolchains/llvm/prebuilt/darwin-x86_64/sysroot/usr/lib/arm-linux-androideabi/26] ==> [/Users/sever1/Library/Developer/Xamarin/android-sdk-macosx/ndk-bundle/toolchains/llvm/prebuilt/darwin-x86_64/sysroot/usr/lib/arm-linux-androideabi/26]
  collapse library dir [/Users/sever1/Library/Developer/Xamarin/android-sdk-macosx/ndk-bundle/toolchains/llvm/prebuilt/darwin-x86_64/sysroot/usr/lib/arm-linux-androideabi] ==> [/Users/sever1/Library/Developer/Xamarin/android-sdk-macosx/ndk-bundle/toolchains/llvm/prebuilt/darwin-x86_64/sysroot/usr/lib/arm-linux-androideabi]
  collapse library dir [/Users/sever1/Library/Developer/Xamarin/android-sdk-macosx/ndk-bundle/toolchains/llvm/prebuilt/darwin-x86_64/sysroot/usr/lib/../lib] ==> [/Users/sever1/Library/Developer/Xamarin/android-sdk-macosx/ndk-bundle/toolchains/llvm/prebuilt/darwin-x86_64/sysroot/usr/lib]
  collapse library dir [/Users/sever1/Library/Developer/Xamarin/android-sdk-macosx/ndk-bundle/toolchains/llvm/prebuilt/darwin-x86_64/sysroot/usr/lib/arm-linux-androideabi/../../lib] ==> [/Users/sever1/Library/Developer/Xamarin/android-sdk-macosx/ndk-bundle/toolchains/llvm/prebuilt/darwin-x86_64/sysroot/usr/lib]
  collapse library dir [/Users/sever1/Library/Developer/Xamarin/android-sdk-macosx/ndk-bundle/toolchains/llvm/prebuilt/darwin-x86_64/lib/gcc/arm-linux-androideabi/4.9.x/../../../../arm-linux-androideabi/lib/armv7-a/thumb] ==> [/Users/sever1/Library/Developer/Xamarin/android-sdk-macosx/ndk-bundle/toolchains/llvm/prebuilt/darwin-x86_64/arm-linux-androideabi/lib/armv7-a/thumb]
  collapse library dir [/Users/sever1/Library/Developer/Xamarin/android-sdk-macosx/ndk-bundle/toolchains/llvm/prebuilt/darwin-x86_64/sysroot/usr/lib] ==> [/Users/sever1/Library/Developer/Xamarin/android-sdk-macosx/ndk-bundle/toolchains/llvm/prebuilt/darwin-x86_64/sysroot/usr/lib]
  implicit libs: [gcc;dl;c;gcc;dl]
  implicit dirs: [/Users/sever1/Library/Developer/Xamarin/android-sdk-macosx/ndk-bundle/toolchains/llvm/prebuilt/darwin-x86_64/lib64/clang/9.0.8/lib/linux/arm;/Users/sever1/Library/Developer/Xamarin/android-sdk-macosx/ndk-bundle/toolchains/llvm/prebuilt/darwin-x86_64/lib/gcc/arm-linux-androideabi/4.9.x/armv7-a/thumb;/Users/sever1/Library/Developer/Xamarin/android-sdk-macosx/ndk-bundle/toolchains/llvm/prebuilt/darwin-x86_64/arm-linux-androideabi/lib/armv7-a/thumb;/Users/sever1/Library/Developer/Xamarin/android-sdk-macosx/ndk-bundle/toolchains/llvm/prebuilt/darwin-x86_64/sysroot/usr/lib/arm-linux-androideabi/26;/Users/sever1/Library/Developer/Xamarin/android-sdk-macosx/ndk-bundle/toolchains/llvm/prebuilt/darwin-x86_64/sysroot/usr/lib/arm-linux-androideabi;/Users/sever1/Library/Developer/Xamarin/android-sdk-macosx/ndk-bundle/toolchains/llvm/prebuilt/darwin-x86_64/sysroot/usr/lib]
  implicit fwks: []




Detecting C [-std=c11] compiler features compiled with the following output:
Change Dir: /Users/sever1/workplace/NdkMediaCodec/app/.cxx/cmake/release/armeabi-v7a/CMakeFiles/CMakeTmp

Run Build Command:"/Users/sever1/Library/Developer/Xamarin/android-sdk-macosx/cmake/3.10.2.4988404/bin/ninja" "cmTC_8f92f"
[1/2] Building C object CMakeFiles/cmTC_8f92f.dir/feature_tests.c.o
[2/2] Linking C executable cmTC_8f92f


    Feature record: C_FEATURE:1c_function_prototypes
    Feature record: C_FEATURE:1c_restrict
    Feature record: C_FEATURE:1c_static_assert
    Feature record: C_FEATURE:1c_variadic_macros


Detecting C [-std=c99] compiler features compiled with the following output:
Change Dir: /Users/sever1/workplace/NdkMediaCodec/app/.cxx/cmake/release/armeabi-v7a/CMakeFiles/CMakeTmp

Run Build Command:"/Users/sever1/Library/Developer/Xamarin/android-sdk-macosx/cmake/3.10.2.4988404/bin/ninja" "cmTC_a3d7f"
[1/2] Building C object CMakeFiles/cmTC_a3d7f.dir/feature_tests.c.o
[2/2] Linking C executable cmTC_a3d7f


    Feature record: C_FEATURE:1c_function_prototypes
    Feature record: C_FEATURE:1c_restrict
    Feature record: C_FEATURE:0c_static_assert
    Feature record: C_FEATURE:1c_variadic_macros


Detecting C [-std=c90] compiler features compiled with the following output:
Change Dir: /Users/sever1/workplace/NdkMediaCodec/app/.cxx/cmake/release/armeabi-v7a/CMakeFiles/CMakeTmp

Run Build Command:"/Users/sever1/Library/Developer/Xamarin/android-sdk-macosx/cmake/3.10.2.4988404/bin/ninja" "cmTC_47e0d"
[1/2] Building C object CMakeFiles/cmTC_47e0d.dir/feature_tests.c.o
[2/2] Linking C executable cmTC_47e0d


    Feature record: C_FEATURE:1c_function_prototypes
    Feature record: C_FEATURE:0c_restrict
    Feature record: C_FEATURE:0c_static_assert
    Feature record: C_FEATURE:0c_variadic_macros
Determining if the CXX compiler works passed with the following output:
Change Dir: /Users/sever1/workplace/NdkMediaCodec/app/.cxx/cmake/release/armeabi-v7a/CMakeFiles/CMakeTmp

Run Build Command:"/Users/sever1/Library/Developer/Xamarin/android-sdk-macosx/cmake/3.10.2.4988404/bin/ninja" "cmTC_a8b0c"
[1/2] Building CXX object CMakeFiles/cmTC_a8b0c.dir/testCXXCompiler.cxx.o
[2/2] Linking CXX executable cmTC_a8b0c


Detecting CXX compiler ABI info compiled with the following output:
Change Dir: /Users/sever1/workplace/NdkMediaCodec/app/.cxx/cmake/release/armeabi-v7a/CMakeFiles/CMakeTmp

Run Build Command:"/Users/sever1/Library/Developer/Xamarin/android-sdk-macosx/cmake/3.10.2.4988404/bin/ninja" "cmTC_05ec9"
[1/2] Building CXX object CMakeFiles/cmTC_05ec9.dir/CMakeCXXCompilerABI.cpp.o
[2/2] Linking CXX executable cmTC_05ec9
Android (6454773 based on r365631c2) clang version 9.0.8 (https://android.googlesource.com/toolchain/llvm-project 98c855489587874b2a325e7a516b99d838599c6f) (based on LLVM 9.0.8svn)
Target: armv7-none-linux-android26
Thread model: posix
InstalledDir: /Users/sever1/Library/Developer/Xamarin/android-sdk-macosx/ndk-bundle/toolchains/llvm/prebuilt/darwin-x86_64/bin
Found candidate GCC installation: /Users/sever1/Library/Developer/Xamarin/android-sdk-macosx/ndk-bundle/toolchains/llvm/prebuilt/darwin-x86_64/lib/gcc/arm-linux-androideabi/4.9.x
Selected GCC installation: /Users/sever1/Library/Developer/Xamarin/android-sdk-macosx/ndk-bundle/toolchains/llvm/prebuilt/darwin-x86_64/lib/gcc/arm-linux-androideabi/4.9.x
Candidate multilib: thumb;@mthumb
Candidate multilib: armv7-a;@march=armv7-a
Candidate multilib: armv7-a/thumb;@march=armv7-a@mthumb
Candidate multilib: .;
Selected multilib: armv7-a/thumb;@march=armv7-a@mthumb
 "/Users/sever1/Library/Developer/Xamarin/android-sdk-macosx/ndk-bundle/toolchains/llvm/prebuilt/darwin-x86_64/lib/gcc/arm-linux-androideabi/4.9.x/../../../../arm-linux-androideabi/bin/ld" --sysroot=/Users/sever1/Library/Developer/Xamarin/android-sdk-macosx/ndk-bundle/toolchains/llvm/prebuilt/darwin-x86_64/sysroot -pie -z noexecstack -EL --warn-shared-textrel -z now -z relro -X --hash-style=gnu --enable-new-dtags --eh-frame-hdr -m armelf_linux_eabi -dynamic-linker /system/bin/linker -o cmTC_05ec9 /Users/sever1/Library/Developer/Xamarin/android-sdk-macosx/ndk-bundle/toolchains/llvm/prebuilt/darwin-x86_64/sysroot/usr/lib/arm-linux-androideabi/26/crtbegin_dynamic.o -L/Users/sever1/Library/Developer/Xamarin/android-sdk-macosx/ndk-bundle/toolchains/llvm/prebuilt/darwin-x86_64/lib64/clang/9.0.8/lib/linux/arm -L/Users/sever1/Library/Developer/Xamarin/android-sdk-macosx/ndk-bundle/toolchains/llvm/prebuilt/darwin-x86_64/lib/gcc/arm-linux-androideabi/4.9.x/armv7-a/thumb -L/Users/sever1/Library/Developer/Xamarin/android-sdk-macosx/ndk-bundle/toolchains/llvm/prebuilt/darwin-x86_64/lib/gcc/arm-linux-androideabi/4.9.x/../../../../arm-linux-androideabi/lib/../lib/armv7-a/thumb -L/Users/sever1/Library/Developer/Xamarin/android-sdk-macosx/ndk-bundle/toolchains/llvm/prebuilt/darwin-x86_64/sysroot/usr/lib/arm-linux-androideabi/26 -L/Users/sever1/Library/Developer/Xamarin/android-sdk-macosx/ndk-bundle/toolchains/llvm/prebuilt/darwin-x86_64/sysroot/usr/lib/arm-linux-androideabi -L/Users/sever1/Library/Developer/Xamarin/android-sdk-macosx/ndk-bundle/toolchains/llvm/prebuilt/darwin-x86_64/sysroot/usr/lib/../lib -L/Users/sever1/Library/Developer/Xamarin/android-sdk-macosx/ndk-bundle/toolchains/llvm/prebuilt/darwin-x86_64/sysroot/usr/lib/arm-linux-androideabi/../../lib -L/Users/sever1/Library/Developer/Xamarin/android-sdk-macosx/ndk-bundle/toolchains/llvm/prebuilt/darwin-x86_64/lib/gcc/arm-linux-androideabi/4.9.x/../../../../arm-linux-androideabi/lib/armv7-a/thumb -L/Users/sever1/Library/Developer/Xamarin/android-sdk-macosx/ndk-bundle/toolchains/llvm/prebuilt/darwin-x86_64/sysroot/usr/lib --exclude-libs libgcc.a --exclude-libs libgcc_real.a --exclude-libs libatomic.a --build-id --fatal-warnings --exclude-libs libunwind.a --no-undefined --gc-sections CMakeFiles/cmTC_05ec9.dir/CMakeCXXCompilerABI.cpp.o -Bstatic -lc++ -Bdynamic -lm -lgcc -ldl -lc -lgcc -ldl /Users/sever1/Library/Developer/Xamarin/android-sdk-macosx/ndk-bundle/toolchains/llvm/prebuilt/darwin-x86_64/sysroot/usr/lib/arm-linux-androideabi/26/crtend_android.o


Parsed CXX implicit link information from above output:
  link line regex: [^( *|.*[/\])(arm-linux-androideabi-ld|CMAKE_LINK_STARTFILE-NOTFOUND|([^/\]+-)?ld|collect2)[^/\]*( |$)]
  ignore line: [Change Dir: /Users/sever1/workplace/NdkMediaCodec/app/.cxx/cmake/release/armeabi-v7a/CMakeFiles/CMakeTmp]
  ignore line: []
  ignore line: [Run Build Command:"/Users/sever1/Library/Developer/Xamarin/android-sdk-macosx/cmake/3.10.2.4988404/bin/ninja" "cmTC_05ec9"]
  ignore line: [[1/2] Building CXX object CMakeFiles/cmTC_05ec9.dir/CMakeCXXCompilerABI.cpp.o]
  ignore line: [[2/2] Linking CXX executable cmTC_05ec9]
  ignore line: [Android (6454773 based on r365631c2) clang version 9.0.8 (https://android.googlesource.com/toolchain/llvm-project 98c855489587874b2a325e7a516b99d838599c6f) (based on LLVM 9.0.8svn)]
  ignore line: [Target: armv7-none-linux-android26]
  ignore line: [Thread model: posix]
  ignore line: [InstalledDir: /Users/sever1/Library/Developer/Xamarin/android-sdk-macosx/ndk-bundle/toolchains/llvm/prebuilt/darwin-x86_64/bin]
  ignore line: [Found candidate GCC installation: /Users/sever1/Library/Developer/Xamarin/android-sdk-macosx/ndk-bundle/toolchains/llvm/prebuilt/darwin-x86_64/lib/gcc/arm-linux-androideabi/4.9.x]
  ignore line: [Selected GCC installation: /Users/sever1/Library/Developer/Xamarin/android-sdk-macosx/ndk-bundle/toolchains/llvm/prebuilt/darwin-x86_64/lib/gcc/arm-linux-androideabi/4.9.x]
  ignore line: [Candidate multilib: thumb]
  ignore line: [@mthumb]
  ignore line: [Candidate multilib: armv7-a]
  ignore line: [@march=armv7-a]
  ignore line: [Candidate multilib: armv7-a/thumb]
  ignore line: [@march=armv7-a@mthumb]
  ignore line: [Candidate multilib: .]
  ignore line: []
  ignore line: [Selected multilib: armv7-a/thumb]
  ignore line: [@march=armv7-a@mthumb]
  link line: [ "/Users/sever1/Library/Developer/Xamarin/android-sdk-macosx/ndk-bundle/toolchains/llvm/prebuilt/darwin-x86_64/lib/gcc/arm-linux-androideabi/4.9.x/../../../../arm-linux-androideabi/bin/ld" --sysroot=/Users/sever1/Library/Developer/Xamarin/android-sdk-macosx/ndk-bundle/toolchains/llvm/prebuilt/darwin-x86_64/sysroot -pie -z noexecstack -EL --warn-shared-textrel -z now -z relro -X --hash-style=gnu --enable-new-dtags --eh-frame-hdr -m armelf_linux_eabi -dynamic-linker /system/bin/linker -o cmTC_05ec9 /Users/sever1/Library/Developer/Xamarin/android-sdk-macosx/ndk-bundle/toolchains/llvm/prebuilt/darwin-x86_64/sysroot/usr/lib/arm-linux-androideabi/26/crtbegin_dynamic.o -L/Users/sever1/Library/Developer/Xamarin/android-sdk-macosx/ndk-bundle/toolchains/llvm/prebuilt/darwin-x86_64/lib64/clang/9.0.8/lib/linux/arm -L/Users/sever1/Library/Developer/Xamarin/android-sdk-macosx/ndk-bundle/toolchains/llvm/prebuilt/darwin-x86_64/lib/gcc/arm-linux-androideabi/4.9.x/armv7-a/thumb -L/Users/sever1/Library/Developer/Xamarin/android-sdk-macosx/ndk-bundle/toolchains/llvm/prebuilt/darwin-x86_64/lib/gcc/arm-linux-androideabi/4.9.x/../../../../arm-linux-androideabi/lib/../lib/armv7-a/thumb -L/Users/sever1/Library/Developer/Xamarin/android-sdk-macosx/ndk-bundle/toolchains/llvm/prebuilt/darwin-x86_64/sysroot/usr/lib/arm-linux-androideabi/26 -L/Users/sever1/Library/Developer/Xamarin/android-sdk-macosx/ndk-bundle/toolchains/llvm/prebuilt/darwin-x86_64/sysroot/usr/lib/arm-linux-androideabi -L/Users/sever1/Library/Developer/Xamarin/android-sdk-macosx/ndk-bundle/toolchains/llvm/prebuilt/darwin-x86_64/sysroot/usr/lib/../lib -L/Users/sever1/Library/Developer/Xamarin/android-sdk-macosx/ndk-bundle/toolchains/llvm/prebuilt/darwin-x86_64/sysroot/usr/lib/arm-linux-androideabi/../../lib -L/Users/sever1/Library/Developer/Xamarin/android-sdk-macosx/ndk-bundle/toolchains/llvm/prebuilt/darwin-x86_64/lib/gcc/arm-linux-androideabi/4.9.x/../../../../arm-linux-androideabi/lib/armv7-a/thumb -L/Users/sever1/Library/Developer/Xamarin/android-sdk-macosx/ndk-bundle/toolchains/llvm/prebuilt/darwin-x86_64/sysroot/usr/lib --exclude-libs libgcc.a --exclude-libs libgcc_real.a --exclude-libs libatomic.a --build-id --fatal-warnings --exclude-libs libunwind.a --no-undefined --gc-sections CMakeFiles/cmTC_05ec9.dir/CMakeCXXCompilerABI.cpp.o -Bstatic -lc++ -Bdynamic -lm -lgcc -ldl -lc -lgcc -ldl /Users/sever1/Library/Developer/Xamarin/android-sdk-macosx/ndk-bundle/toolchains/llvm/prebuilt/darwin-x86_64/sysroot/usr/lib/arm-linux-androideabi/26/crtend_android.o]
    arg [/Users/sever1/Library/Developer/Xamarin/android-sdk-macosx/ndk-bundle/toolchains/llvm/prebuilt/darwin-x86_64/lib/gcc/arm-linux-androideabi/4.9.x/../../../../arm-linux-androideabi/bin/ld] ==> ignore
    arg [--sysroot=/Users/sever1/Library/Developer/Xamarin/android-sdk-macosx/ndk-bundle/toolchains/llvm/prebuilt/darwin-x86_64/sysroot] ==> ignore
    arg [-pie] ==> ignore
    arg [-znoexecstack] ==> ignore
    arg [-EL] ==> ignore
    arg [--warn-shared-textrel] ==> ignore
    arg [-znow] ==> ignore
    arg [-zrelro] ==> ignore
    arg [-X] ==> ignore
    arg [--hash-style=gnu] ==> ignore
    arg [--enable-new-dtags] ==> ignore
    arg [--eh-frame-hdr] ==> ignore
    arg [-m] ==> ignore
    arg [armelf_linux_eabi] ==> ignore
    arg [-dynamic-linker] ==> ignore
    arg [/system/bin/linker] ==> ignore
    arg [-o] ==> ignore
    arg [cmTC_05ec9] ==> ignore
    arg [/Users/sever1/Library/Developer/Xamarin/android-sdk-macosx/ndk-bundle/toolchains/llvm/prebuilt/darwin-x86_64/sysroot/usr/lib/arm-linux-androideabi/26/crtbegin_dynamic.o] ==> ignore
    arg [-L/Users/sever1/Library/Developer/Xamarin/android-sdk-macosx/ndk-bundle/toolchains/llvm/prebuilt/darwin-x86_64/lib64/clang/9.0.8/lib/linux/arm] ==> dir [/Users/sever1/Library/Developer/Xamarin/android-sdk-macosx/ndk-bundle/toolchains/llvm/prebuilt/darwin-x86_64/lib64/clang/9.0.8/lib/linux/arm]
    arg [-L/Users/sever1/Library/Developer/Xamarin/android-sdk-macosx/ndk-bundle/toolchains/llvm/prebuilt/darwin-x86_64/lib/gcc/arm-linux-androideabi/4.9.x/armv7-a/thumb] ==> dir [/Users/sever1/Library/Developer/Xamarin/android-sdk-macosx/ndk-bundle/toolchains/llvm/prebuilt/darwin-x86_64/lib/gcc/arm-linux-androideabi/4.9.x/armv7-a/thumb]
    arg [-L/Users/sever1/Library/Developer/Xamarin/android-sdk-macosx/ndk-bundle/toolchains/llvm/prebuilt/darwin-x86_64/lib/gcc/arm-linux-androideabi/4.9.x/../../../../arm-linux-androideabi/lib/../lib/armv7-a/thumb] ==> dir [/Users/sever1/Library/Developer/Xamarin/android-sdk-macosx/ndk-bundle/toolchains/llvm/prebuilt/darwin-x86_64/lib/gcc/arm-linux-androideabi/4.9.x/../../../../arm-linux-androideabi/lib/../lib/armv7-a/thumb]
    arg [-L/Users/sever1/Library/Developer/Xamarin/android-sdk-macosx/ndk-bundle/toolchains/llvm/prebuilt/darwin-x86_64/sysroot/usr/lib/arm-linux-androideabi/26] ==> dir [/Users/sever1/Library/Developer/Xamarin/android-sdk-macosx/ndk-bundle/toolchains/llvm/prebuilt/darwin-x86_64/sysroot/usr/lib/arm-linux-androideabi/26]
    arg [-L/Users/sever1/Library/Developer/Xamarin/android-sdk-macosx/ndk-bundle/toolchains/llvm/prebuilt/darwin-x86_64/sysroot/usr/lib/arm-linux-androideabi] ==> dir [/Users/sever1/Library/Developer/Xamarin/android-sdk-macosx/ndk-bundle/toolchains/llvm/prebuilt/darwin-x86_64/sysroot/usr/lib/arm-linux-androideabi]
    arg [-L/Users/sever1/Library/Developer/Xamarin/android-sdk-macosx/ndk-bundle/toolchains/llvm/prebuilt/darwin-x86_64/sysroot/usr/lib/../lib] ==> dir [/Users/sever1/Library/Developer/Xamarin/android-sdk-macosx/ndk-bundle/toolchains/llvm/prebuilt/darwin-x86_64/sysroot/usr/lib/../lib]
    arg [-L/Users/sever1/Library/Developer/Xamarin/android-sdk-macosx/ndk-bundle/toolchains/llvm/prebuilt/darwin-x86_64/sysroot/usr/lib/arm-linux-androideabi/../../lib] ==> dir [/Users/sever1/Library/Developer/Xamarin/android-sdk-macosx/ndk-bundle/toolchains/llvm/prebuilt/darwin-x86_64/sysroot/usr/lib/arm-linux-androideabi/../../lib]
    arg [-L/Users/sever1/Library/Developer/Xamarin/android-sdk-macosx/ndk-bundle/toolchains/llvm/prebuilt/darwin-x86_64/lib/gcc/arm-linux-androideabi/4.9.x/../../../../arm-linux-androideabi/lib/armv7-a/thumb] ==> dir [/Users/sever1/Library/Developer/Xamarin/android-sdk-macosx/ndk-bundle/toolchains/llvm/prebuilt/darwin-x86_64/lib/gcc/arm-linux-androideabi/4.9.x/../../../../arm-linux-androideabi/lib/armv7-a/thumb]
    arg [-L/Users/sever1/Library/Developer/Xamarin/android-sdk-macosx/ndk-bundle/toolchains/llvm/prebuilt/darwin-x86_64/sysroot/usr/lib] ==> dir [/Users/sever1/Library/Developer/Xamarin/android-sdk-macosx/ndk-bundle/toolchains/llvm/prebuilt/darwin-x86_64/sysroot/usr/lib]
    arg [--exclude-libs] ==> ignore
    arg [libgcc.a] ==> ignore
    arg [--exclude-libs] ==> ignore
    arg [libgcc_real.a] ==> ignore
    arg [--exclude-libs] ==> ignore
    arg [libatomic.a] ==> ignore
    arg [--build-id] ==> ignore
    arg [--fatal-warnings] ==> ignore
    arg [--exclude-libs] ==> ignore
    arg [libunwind.a] ==> ignore
    arg [--no-undefined] ==> ignore
    arg [--gc-sections] ==> ignore
    arg [CMakeFiles/cmTC_05ec9.dir/CMakeCXXCompilerABI.cpp.o] ==> ignore
    arg [-Bstatic] ==> ignore
    arg [-lc++] ==> lib [c++]
    arg [-Bdynamic] ==> ignore
    arg [-lm] ==> lib [m]
    arg [-lgcc] ==> lib [gcc]
    arg [-ldl] ==> lib [dl]
    arg [-lc] ==> lib [c]
    arg [-lgcc] ==> lib [gcc]
    arg [-ldl] ==> lib [dl]
    arg [/Users/sever1/Library/Developer/Xamarin/android-sdk-macosx/ndk-bundle/toolchains/llvm/prebuilt/darwin-x86_64/sysroot/usr/lib/arm-linux-androideabi/26/crtend_android.o] ==> ignore
  collapse library dir [/Users/sever1/Library/Developer/Xamarin/android-sdk-macosx/ndk-bundle/toolchains/llvm/prebuilt/darwin-x86_64/lib64/clang/9.0.8/lib/linux/arm] ==> [/Users/sever1/Library/Developer/Xamarin/android-sdk-macosx/ndk-bundle/toolchains/llvm/prebuilt/darwin-x86_64/lib64/clang/9.0.8/lib/linux/arm]
  collapse library dir [/Users/sever1/Library/Developer/Xamarin/android-sdk-macosx/ndk-bundle/toolchains/llvm/prebuilt/darwin-x86_64/lib/gcc/arm-linux-androideabi/4.9.x/armv7-a/thumb] ==> [/Users/sever1/Library/Developer/Xamarin/android-sdk-macosx/ndk-bundle/toolchains/llvm/prebuilt/darwin-x86_64/lib/gcc/arm-linux-androideabi/4.9.x/armv7-a/thumb]
  collapse library dir [/Users/sever1/Library/Developer/Xamarin/android-sdk-macosx/ndk-bundle/toolchains/llvm/prebuilt/darwin-x86_64/lib/gcc/arm-linux-androideabi/4.9.x/../../../../arm-linux-androideabi/lib/../lib/armv7-a/thumb] ==> [/Users/sever1/Library/Developer/Xamarin/android-sdk-macosx/ndk-bundle/toolchains/llvm/prebuilt/darwin-x86_64/arm-linux-androideabi/lib/armv7-a/thumb]
  collapse library dir [/Users/sever1/Library/Developer/Xamarin/android-sdk-macosx/ndk-bundle/toolchains/llvm/prebuilt/darwin-x86_64/sysroot/usr/lib/arm-linux-androideabi/26] ==> [/Users/sever1/Library/Developer/Xamarin/android-sdk-macosx/ndk-bundle/toolchains/llvm/prebuilt/darwin-x86_64/sysroot/usr/lib/arm-linux-androideabi/26]
  collapse library dir [/Users/sever1/Library/Developer/Xamarin/android-sdk-macosx/ndk-bundle/toolchains/llvm/prebuilt/darwin-x86_64/sysroot/usr/lib/arm-linux-androideabi] ==> [/Users/sever1/Library/Developer/Xamarin/android-sdk-macosx/ndk-bundle/toolchains/llvm/prebuilt/darwin-x86_64/sysroot/usr/lib/arm-linux-androideabi]
  collapse library dir [/Users/sever1/Library/Developer/Xamarin/android-sdk-macosx/ndk-bundle/toolchains/llvm/prebuilt/darwin-x86_64/sysroot/usr/lib/../lib] ==> [/Users/sever1/Library/Developer/Xamarin/android-sdk-macosx/ndk-bundle/toolchains/llvm/prebuilt/darwin-x86_64/sysroot/usr/lib]
  collapse library dir [/Users/sever1/Library/Developer/Xamarin/android-sdk-macosx/ndk-bundle/toolchains/llvm/prebuilt/darwin-x86_64/sysroot/usr/lib/arm-linux-androideabi/../../lib] ==> [/Users/sever1/Library/Developer/Xamarin/android-sdk-macosx/ndk-bundle/toolchains/llvm/prebuilt/darwin-x86_64/sysroot/usr/lib]
  collapse library dir [/Users/sever1/Library/Developer/Xamarin/android-sdk-macosx/ndk-bundle/toolchains/llvm/prebuilt/darwin-x86_64/lib/gcc/arm-linux-androideabi/4.9.x/../../../../arm-linux-androideabi/lib/armv7-a/thumb] ==> [/Users/sever1/Library/Developer/Xamarin/android-sdk-macosx/ndk-bundle/toolchains/llvm/prebuilt/darwin-x86_64/arm-linux-androideabi/lib/armv7-a/thumb]
  collapse library dir [/Users/sever1/Library/Developer/Xamarin/android-sdk-macosx/ndk-bundle/toolchains/llvm/prebuilt/darwin-x86_64/sysroot/usr/lib] ==> [/Users/sever1/Library/Developer/Xamarin/android-sdk-macosx/ndk-bundle/toolchains/llvm/prebuilt/darwin-x86_64/sysroot/usr/lib]
  implicit libs: [c++;m;gcc;dl;c;gcc;dl]
  implicit dirs: [/Users/sever1/Library/Developer/Xamarin/android-sdk-macosx/ndk-bundle/toolchains/llvm/prebuilt/darwin-x86_64/lib64/clang/9.0.8/lib/linux/arm;/Users/sever1/Library/Developer/Xamarin/android-sdk-macosx/ndk-bundle/toolchains/llvm/prebuilt/darwin-x86_64/lib/gcc/arm-linux-androideabi/4.9.x/armv7-a/thumb;/Users/sever1/Library/Developer/Xamarin/android-sdk-macosx/ndk-bundle/toolchains/llvm/prebuilt/darwin-x86_64/arm-linux-androideabi/lib/armv7-a/thumb;/Users/sever1/Library/Developer/Xamarin/android-sdk-macosx/ndk-bundle/toolchains/llvm/prebuilt/darwin-x86_64/sysroot/usr/lib/arm-linux-androideabi/26;/Users/sever1/Library/Developer/Xamarin/android-sdk-macosx/ndk-bundle/toolchains/llvm/prebuilt/darwin-x86_64/sysroot/usr/lib/arm-linux-androideabi;/Users/sever1/Library/Developer/Xamarin/android-sdk-macosx/ndk-bundle/toolchains/llvm/prebuilt/darwin-x86_64/sysroot/usr/lib]
  implicit fwks: []




Detecting CXX [-std=c++1z] compiler features compiled with the following output:
Change Dir: /Users/sever1/workplace/NdkMediaCodec/app/.cxx/cmake/release/armeabi-v7a/CMakeFiles/CMakeTmp

Run Build Command:"/Users/sever1/Library/Developer/Xamarin/android-sdk-macosx/cmake/3.10.2.4988404/bin/ninja" "cmTC_fe5e6"
[1/2] Building CXX object CMakeFiles/cmTC_fe5e6.dir/feature_tests.cxx.o
[2/2] Linking CXX executable cmTC_fe5e6


    Feature record: CXX_FEATURE:1cxx_aggregate_default_initializers
    Feature record: CXX_FEATURE:1cxx_alias_templates
    Feature record: CXX_FEATURE:1cxx_alignas
    Feature record: CXX_FEATURE:1cxx_alignof
    Feature record: CXX_FEATURE:1cxx_attributes
    Feature record: CXX_FEATURE:1cxx_attribute_deprecated
    Feature record: CXX_FEATURE:1cxx_auto_type
    Feature record: CXX_FEATURE:1cxx_binary_literals
    Feature record: CXX_FEATURE:1cxx_constexpr
    Feature record: CXX_FEATURE:1cxx_contextual_conversions
    Feature record: CXX_FEATURE:1cxx_decltype
    Feature record: CXX_FEATURE:1cxx_decltype_auto
    Feature record: CXX_FEATURE:1cxx_decltype_incomplete_return_types
    Feature record: CXX_FEATURE:1cxx_default_function_template_args
    Feature record: CXX_FEATURE:1cxx_defaulted_functions
    Feature record: CXX_FEATURE:1cxx_defaulted_move_initializers
    Feature record: CXX_FEATURE:1cxx_delegating_constructors
    Feature record: CXX_FEATURE:1cxx_deleted_functions
    Feature record: CXX_FEATURE:1cxx_digit_separators
    Feature record: CXX_FEATURE:1cxx_enum_forward_declarations
    Feature record: CXX_FEATURE:1cxx_explicit_conversions
    Feature record: CXX_FEATURE:1cxx_extended_friend_declarations
    Feature record: CXX_FEATURE:1cxx_extern_templates
    Feature record: CXX_FEATURE:1cxx_final
    Feature record: CXX_FEATURE:1cxx_func_identifier
    Feature record: CXX_FEATURE:1cxx_generalized_initializers
    Feature record: CXX_FEATURE:1cxx_generic_lambdas
    Feature record: CXX_FEATURE:1cxx_inheriting_constructors
    Feature record: CXX_FEATURE:1cxx_inline_namespaces
    Feature record: CXX_FEATURE:1cxx_lambdas
    Feature record: CXX_FEATURE:1cxx_lambda_init_captures
    Feature record: CXX_FEATURE:1cxx_local_type_template_args
    Feature record: CXX_FEATURE:1cxx_long_long_type
    Feature record: CXX_FEATURE:1cxx_noexcept
    Feature record: CXX_FEATURE:1cxx_nonstatic_member_init
    Feature record: CXX_FEATURE:1cxx_nullptr
    Feature record: CXX_FEATURE:1cxx_override
    Feature record: CXX_FEATURE:1cxx_range_for
    Feature record: CXX_FEATURE:1cxx_raw_string_literals
    Feature record: CXX_FEATURE:1cxx_reference_qualified_functions
    Feature record: CXX_FEATURE:1cxx_relaxed_constexpr
    Feature record: CXX_FEATURE:1cxx_return_type_deduction
    Feature record: CXX_FEATURE:1cxx_right_angle_brackets
    Feature record: CXX_FEATURE:1cxx_rvalue_references
    Feature record: CXX_FEATURE:1cxx_sizeof_member
    Feature record: CXX_FEATURE:1cxx_static_assert
    Feature record: CXX_FEATURE:1cxx_strong_enums
    Feature record: CXX_FEATURE:1cxx_template_template_parameters
    Feature record: CXX_FEATURE:1cxx_thread_local
    Feature record: CXX_FEATURE:1cxx_trailing_return_types
    Feature record: CXX_FEATURE:1cxx_unicode_literals
    Feature record: CXX_FEATURE:1cxx_uniform_initialization
    Feature record: CXX_FEATURE:1cxx_unrestricted_unions
    Feature record: CXX_FEATURE:1cxx_user_literals
    Feature record: CXX_FEATURE:1cxx_variable_templates
    Feature record: CXX_FEATURE:1cxx_variadic_macros
    Feature record: CXX_FEATURE:1cxx_variadic_templates


Detecting CXX [-std=c++14] compiler features compiled with the following output:
Change Dir: /Users/sever1/workplace/NdkMediaCodec/app/.cxx/cmake/release/armeabi-v7a/CMakeFiles/CMakeTmp

Run Build Command:"/Users/sever1/Library/Developer/Xamarin/android-sdk-macosx/cmake/3.10.2.4988404/bin/ninja" "cmTC_04cd8"
[1/2] Building CXX object CMakeFiles/cmTC_04cd8.dir/feature_tests.cxx.o
[2/2] Linking CXX executable cmTC_04cd8


    Feature record: CXX_FEATURE:1cxx_aggregate_default_initializers
    Feature record: CXX_FEATURE:1cxx_alias_templates
    Feature record: CXX_FEATURE:1cxx_alignas
    Feature record: CXX_FEATURE:1cxx_alignof
    Feature record: CXX_FEATURE:1cxx_attributes
    Feature record: CXX_FEATURE:1cxx_attribute_deprecated
    Feature record: CXX_FEATURE:1cxx_auto_type
    Feature record: CXX_FEATURE:1cxx_binary_literals
    Feature record: CXX_FEATURE:1cxx_constexpr
    Feature record: CXX_FEATURE:1cxx_contextual_conversions
    Feature record: CXX_FEATURE:1cxx_decltype
    Feature record: CXX_FEATURE:1cxx_decltype_auto
    Feature record: CXX_FEATURE:1cxx_decltype_incomplete_return_types
    Feature record: CXX_FEATURE:1cxx_default_function_template_args
    Feature record: CXX_FEATURE:1cxx_defaulted_functions
    Feature record: CXX_FEATURE:1cxx_defaulted_move_initializers
    Feature record: CXX_FEATURE:1cxx_delegating_constructors
    Feature record: CXX_FEATURE:1cxx_deleted_functions
    Feature record: CXX_FEATURE:1cxx_digit_separators
    Feature record: CXX_FEATURE:1cxx_enum_forward_declarations
    Feature record: CXX_FEATURE:1cxx_explicit_conversions
    Feature record: CXX_FEATURE:1cxx_extended_friend_declarations
    Feature record: CXX_FEATURE:1cxx_extern_templates
    Feature record: CXX_FEATURE:1cxx_final
    Feature record: CXX_FEATURE:1cxx_func_identifier
    Feature record: CXX_FEATURE:1cxx_generalized_initializers
    Feature record: CXX_FEATURE:1cxx_generic_lambdas
    Feature record: CXX_FEATURE:1cxx_inheriting_constructors
    Feature record: CXX_FEATURE:1cxx_inline_namespaces
    Feature record: CXX_FEATURE:1cxx_lambdas
    Feature record: CXX_FEATURE:1cxx_lambda_init_captures
    Feature record: CXX_FEATURE:1cxx_local_type_template_args
    Feature record: CXX_FEATURE:1cxx_long_long_type
    Feature record: CXX_FEATURE:1cxx_noexcept
    Feature record: CXX_FEATURE:1cxx_nonstatic_member_init
    Feature record: CXX_FEATURE:1cxx_nullptr
    Feature record: CXX_FEATURE:1cxx_override
    Feature record: CXX_FEATURE:1cxx_range_for
    Feature record: CXX_FEATURE:1cxx_raw_string_literals
    Feature record: CXX_FEATURE:1cxx_reference_qualified_functions
    Feature record: CXX_FEATURE:1cxx_relaxed_constexpr
    Feature record: CXX_FEATURE:1cxx_return_type_deduction
    Feature record: CXX_FEATURE:1cxx_right_angle_brackets
    Feature record: CXX_FEATURE:1cxx_rvalue_references
    Feature record: CXX_FEATURE:1cxx_sizeof_member
    Feature record: CXX_FEATURE:1cxx_static_assert
    Feature record: CXX_FEATURE:1cxx_strong_enums
    Feature record: CXX_FEATURE:1cxx_template_template_parameters
    Feature record: CXX_FEATURE:1cxx_thread_local
    Feature record: CXX_FEATURE:1cxx_trailing_return_types
    Feature record: CXX_FEATURE:1cxx_unicode_literals
    Feature record: CXX_FEATURE:1cxx_uniform_initialization
    Feature record: CXX_FEATURE:1cxx_unrestricted_unions
    Feature record: CXX_FEATURE:1cxx_user_literals
    Feature record: CXX_FEATURE:1cxx_variable_templates
    Feature record: CXX_FEATURE:1cxx_variadic_macros
    Feature record: CXX_FEATURE:1cxx_variadic_templates


Detecting CXX [-std=c++11] compiler features compiled with the following output:
Change Dir: /Users/sever1/workplace/NdkMediaCodec/app/.cxx/cmake/release/armeabi-v7a/CMakeFiles/CMakeTmp

Run Build Command:"/Users/sever1/Library/Developer/Xamarin/android-sdk-macosx/cmake/3.10.2.4988404/bin/ninja" "cmTC_722b9"
[1/2] Building CXX object CMakeFiles/cmTC_722b9.dir/feature_tests.cxx.o
[2/2] Linking CXX executable cmTC_722b9


    Feature record: CXX_FEATURE:0cxx_aggregate_default_initializers
    Feature record: CXX_FEATURE:1cxx_alias_templates
    Feature record: CXX_FEATURE:1cxx_alignas
    Feature record: CXX_FEATURE:1cxx_alignof
    Feature record: CXX_FEATURE:1cxx_attributes
    Feature record: CXX_FEATURE:0cxx_attribute_deprecated
    Feature record: CXX_FEATURE:1cxx_auto_type
    Feature record: CXX_FEATURE:0cxx_binary_literals
    Feature record: CXX_FEATURE:1cxx_constexpr
    Feature record: CXX_FEATURE:0cxx_contextual_conversions
    Feature record: CXX_FEATURE:1cxx_decltype
    Feature record: CXX_FEATURE:0cxx_decltype_auto
    Feature record: CXX_FEATURE:1cxx_decltype_incomplete_return_types
    Feature record: CXX_FEATURE:1cxx_default_function_template_args
    Feature record: CXX_FEATURE:1cxx_defaulted_functions
    Feature record: CXX_FEATURE:1cxx_defaulted_move_initializers
    Feature record: CXX_FEATURE:1cxx_delegating_constructors
    Feature record: CXX_FEATURE:1cxx_deleted_functions
    Feature record: CXX_FEATURE:0cxx_digit_separators
    Feature record: CXX_FEATURE:1cxx_enum_forward_declarations
    Feature record: CXX_FEATURE:1cxx_explicit_conversions
    Feature record: CXX_FEATURE:1cxx_extended_friend_declarations
    Feature record: CXX_FEATURE:1cxx_extern_templates
    Feature record: CXX_FEATURE:1cxx_final
    Feature record: CXX_FEATURE:1cxx_func_identifier
    Feature record: CXX_FEATURE:1cxx_generalized_initializers
    Feature record: CXX_FEATURE:0cxx_generic_lambdas
    Feature record: CXX_FEATURE:1cxx_inheriting_constructors
    Feature record: CXX_FEATURE:1cxx_inline_namespaces
    Feature record: CXX_FEATURE:1cxx_lambdas
    Feature record: CXX_FEATURE:0cxx_lambda_init_captures
    Feature record: CXX_FEATURE:1cxx_local_type_template_args
    Feature record: CXX_FEATURE:1cxx_long_long_type
    Feature record: CXX_FEATURE:1cxx_noexcept
    Feature record: CXX_FEATURE:1cxx_nonstatic_member_init
    Feature record: CXX_FEATURE:1cxx_nullptr
    Feature record: CXX_FEATURE:1cxx_override
    Feature record: CXX_FEATURE:1cxx_range_for
    Feature record: CXX_FEATURE:1cxx_raw_string_literals
    Feature record: CXX_FEATURE:1cxx_reference_qualified_functions
    Feature record: CXX_FEATURE:0cxx_relaxed_constexpr
    Feature record: CXX_FEATURE:0cxx_return_type_deduction
    Feature record: CXX_FEATURE:1cxx_right_angle_brackets
    Feature record: CXX_FEATURE:1cxx_rvalue_references
    Feature record: CXX_FEATURE:1cxx_sizeof_member
    Feature record: CXX_FEATURE:1cxx_static_assert
    Feature record: CXX_FEATURE:1cxx_strong_enums
    Feature record: CXX_FEATURE:1cxx_template_template_parameters
    Feature record: CXX_FEATURE:1cxx_thread_local
    Feature record: CXX_FEATURE:1cxx_trailing_return_types
    Feature record: CXX_FEATURE:1cxx_unicode_literals
    Feature record: CXX_FEATURE:1cxx_uniform_initialization
    Feature record: CXX_FEATURE:1cxx_unrestricted_unions
    Feature record: CXX_FEATURE:1cxx_user_literals
    Feature record: CXX_FEATURE:0cxx_variable_templates
    Feature record: CXX_FEATURE:1cxx_variadic_macros
    Feature record: CXX_FEATURE:1cxx_variadic_templates


Detecting CXX [-std=c++98] compiler features compiled with the following output:
Change Dir: /Users/sever1/workplace/NdkMediaCodec/app/.cxx/cmake/release/armeabi-v7a/CMakeFiles/CMakeTmp

Run Build Command:"/Users/sever1/Library/Developer/Xamarin/android-sdk-macosx/cmake/3.10.2.4988404/bin/ninja" "cmTC_5c721"
[1/2] Building CXX object CMakeFiles/cmTC_5c721.dir/feature_tests.cxx.o
[2/2] Linking CXX executable cmTC_5c721


    Feature record: CXX_FEATURE:0cxx_aggregate_default_initializers
    Feature record: CXX_FEATURE:0cxx_alias_templates
    Feature record: CXX_FEATURE:0cxx_alignas
    Feature record: CXX_FEATURE:0cxx_alignof
    Feature record: CXX_FEATURE:0cxx_attributes
    Feature record: CXX_FEATURE:0cxx_attribute_deprecated
    Feature record: CXX_FEATURE:0cxx_auto_type
    Feature record: CXX_FEATURE:0cxx_binary_literals
    Feature record: CXX_FEATURE:0cxx_constexpr
    Feature record: CXX_FEATURE:0cxx_contextual_conversions
    Feature record: CXX_FEATURE:0cxx_decltype
    Feature record: CXX_FEATURE:0cxx_decltype_auto
    Feature record: CXX_FEATURE:0cxx_decltype_incomplete_return_types
    Feature record: CXX_FEATURE:0cxx_default_function_template_args
    Feature record: CXX_FEATURE:0cxx_defaulted_functions
    Feature record: CXX_FEATURE:0cxx_defaulted_move_initializers
    Feature record: CXX_FEATURE:0cxx_delegating_constructors
    Feature record: CXX_FEATURE:0cxx_deleted_functions
    Feature record: CXX_FEATURE:0cxx_digit_separators
    Feature record: CXX_FEATURE:0cxx_enum_forward_declarations
    Feature record: CXX_FEATURE:0cxx_explicit_conversions
    Feature record: CXX_FEATURE:0cxx_extended_friend_declarations
    Feature record: CXX_FEATURE:0cxx_extern_templates
    Feature record: CXX_FEATURE:0cxx_final
    Feature record: CXX_FEATURE:0cxx_func_identifier
    Feature record: CXX_FEATURE:0cxx_generalized_initializers
    Feature record: CXX_FEATURE:0cxx_generic_lambdas
    Feature record: CXX_FEATURE:0cxx_inheriting_constructors
    Feature record: CXX_FEATURE:0cxx_inline_namespaces
    Feature record: CXX_FEATURE:0cxx_lambdas
    Feature record: CXX_FEATURE:0cxx_lambda_init_captures
    Feature record: CXX_FEATURE:0cxx_local_type_template_args
    Feature record: CXX_FEATURE:0cxx_long_long_type
    Feature record: CXX_FEATURE:0cxx_noexcept
    Feature record: CXX_FEATURE:0cxx_nonstatic_member_init
    Feature record: CXX_FEATURE:0cxx_nullptr
    Feature record: CXX_FEATURE:0cxx_override
    Feature record: CXX_FEATURE:0cxx_range_for
    Feature record: CXX_FEATURE:0cxx_raw_string_literals
    Feature record: CXX_FEATURE:0cxx_reference_qualified_functions
    Feature record: CXX_FEATURE:0cxx_relaxed_constexpr
    Feature record: CXX_FEATURE:0cxx_return_type_deduction
    Feature record: CXX_FEATURE:0cxx_right_angle_brackets
    Feature record: CXX_FEATURE:0cxx_rvalue_references
    Feature record: CXX_FEATURE:0cxx_sizeof_member
    Feature record: CXX_FEATURE:0cxx_static_assert
    Feature record: CXX_FEATURE:0cxx_strong_enums
    Feature record: CXX_FEATURE:1cxx_template_template_parameters
    Feature record: CXX_FEATURE:0cxx_thread_local
    Feature record: CXX_FEATURE:0cxx_trailing_return_types
    Feature record: CXX_FEATURE:0cxx_unicode_literals
    Feature record: CXX_FEATURE:0cxx_uniform_initialization
    Feature record: CXX_FEATURE:0cxx_unrestricted_unions
    Feature record: CXX_FEATURE:0cxx_user_literals
    Feature record: CXX_FEATURE:0cxx_variable_templates
    Feature record: CXX_FEATURE:0cxx_variadic_macros
    Feature record: CXX_FEATURE:0cxx_variadic_templates
